cl : 命令行  warning D9025: 正在重写“/sdl”(用“/GS-”)
  源.cpp
D:\资料\大二\2023-c-project\车辆租赁管理系统\车辆租赁管理系统\源.cpp(131,5): warning C4996: 'scanf': This function or variable may be unsafe. Consider using scanf_s instead. To disable deprecation, use _CRT_SECURE_NO_WARNINGS. See online help for details.
D:\资料\大二\2023-c-project\车辆租赁管理系统\车辆租赁管理系统\源.cpp(110,9): warning C4101: “i”: 未引用的局部变量
D:\资料\大二\2023-c-project\车辆租赁管理系统\车辆租赁管理系统\源.cpp(156,5): warning C4996: 'scanf': This function or variable may be unsafe. Consider using scanf_s instead. To disable deprecation, use _CRT_SECURE_NO_WARNINGS. See online help for details.
D:\资料\大二\2023-c-project\车辆租赁管理系统\车辆租赁管理系统\源.cpp(143,9): warning C4101: “i”: 未引用的局部变量
D:\资料\大二\2023-c-project\车辆租赁管理系统\车辆租赁管理系统\源.cpp(181,5): warning C4996: 'scanf': This function or variable may be unsafe. Consider using scanf_s instead. To disable deprecation, use _CRT_SECURE_NO_WARNINGS. See online help for details.
D:\资料\大二\2023-c-project\车辆租赁管理系统\车辆租赁管理系统\源.cpp(187,9): warning C4996: 'scanf': This function or variable may be unsafe. Consider using scanf_s instead. To disable deprecation, use _CRT_SECURE_NO_WARNINGS. See online help for details.
D:\资料\大二\2023-c-project\车辆租赁管理系统\车辆租赁管理系统\源.cpp(168,9): warning C4101: “i”: 未引用的局部变量
D:\资料\大二\2023-c-project\车辆租赁管理系统\车辆租赁管理系统\源.cpp(201,9): warning C4996: 'scanf': This function or variable may be unsafe. Consider using scanf_s instead. To disable deprecation, use _CRT_SECURE_NO_WARNINGS. See online help for details.
D:\资料\大二\2023-c-project\车辆租赁管理系统\车辆租赁管理系统\源.cpp(204,13): warning C4996: 'scanf': This function or variable may be unsafe. Consider using scanf_s instead. To disable deprecation, use _CRT_SECURE_NO_WARNINGS. See online help for details.
D:\资料\大二\2023-c-project\车辆租赁管理系统\车辆租赁管理系统\源.cpp(211,17): warning C4996: 'getch': The POSIX name for this item is deprecated. Instead, use the ISO C and C++ conformant name: _getch. See online help for details.
D:\资料\大二\2023-c-project\车辆租赁管理系统\车辆租赁管理系统\源.cpp(220,9): warning C4996: 'scanf': This function or variable may be unsafe. Consider using scanf_s instead. To disable deprecation, use _CRT_SECURE_NO_WARNINGS. See online help for details.
D:\资料\大二\2023-c-project\车辆租赁管理系统\车辆租赁管理系统\源.cpp(222,9): warning C4996: 'scanf': This function or variable may be unsafe. Consider using scanf_s instead. To disable deprecation, use _CRT_SECURE_NO_WARNINGS. See online help for details.
D:\资料\大二\2023-c-project\车辆租赁管理系统\车辆租赁管理系统\源.cpp(224,9): warning C4996: 'scanf': This function or variable may be unsafe. Consider using scanf_s instead. To disable deprecation, use _CRT_SECURE_NO_WARNINGS. See online help for details.
D:\资料\大二\2023-c-project\车辆租赁管理系统\车辆租赁管理系统\源.cpp(228,9): warning C4996: 'scanf': This function or variable may be unsafe. Consider using scanf_s instead. To disable deprecation, use _CRT_SECURE_NO_WARNINGS. See online help for details.
D:\资料\大二\2023-c-project\车辆租赁管理系统\车辆租赁管理系统\源.cpp(193,12): warning C4101: “k”: 未引用的局部变量
D:\资料\大二\2023-c-project\车辆租赁管理系统\车辆租赁管理系统\源.cpp(266,5): warning C4996: 'scanf': This function or variable may be unsafe. Consider using scanf_s instead. To disable deprecation, use _CRT_SECURE_NO_WARNINGS. See online help for details.
D:\资料\大二\2023-c-project\车辆租赁管理系统\车辆租赁管理系统\源.cpp(284,13): warning C4996: 'getch': The POSIX name for this item is deprecated. Instead, use the ISO C and C++ conformant name: _getch. See online help for details.
D:\资料\大二\2023-c-project\车辆租赁管理系统\车辆租赁管理系统\源.cpp(290,9): warning C4996: 'scanf': This function or variable may be unsafe. Consider using scanf_s instead. To disable deprecation, use _CRT_SECURE_NO_WARNINGS. See online help for details.
D:\资料\大二\2023-c-project\车辆租赁管理系统\车辆租赁管理系统\源.cpp(320,9): warning C4996: 'scanf': This function or variable may be unsafe. Consider using scanf_s instead. To disable deprecation, use _CRT_SECURE_NO_WARNINGS. See online help for details.
D:\资料\大二\2023-c-project\车辆租赁管理系统\车辆租赁管理系统\源.cpp(339,13): warning C4996: 'getch': The POSIX name for this item is deprecated. Instead, use the ISO C and C++ conformant name: _getch. See online help for details.
D:\资料\大二\2023-c-project\车辆租赁管理系统\车辆租赁管理系统\源.cpp(345,9): warning C4996: 'scanf': This function or variable may be unsafe. Consider using scanf_s instead. To disable deprecation, use _CRT_SECURE_NO_WARNINGS. See online help for details.
D:\资料\大二\2023-c-project\车辆租赁管理系统\车辆租赁管理系统\源.cpp(376,9): warning C4996: 'scanf': This function or variable may be unsafe. Consider using scanf_s instead. To disable deprecation, use _CRT_SECURE_NO_WARNINGS. See online help for details.
D:\资料\大二\2023-c-project\车辆租赁管理系统\车辆租赁管理系统\源.cpp(394,13): warning C4996: 'getch': The POSIX name for this item is deprecated. Instead, use the ISO C and C++ conformant name: _getch. See online help for details.
D:\资料\大二\2023-c-project\车辆租赁管理系统\车辆租赁管理系统\源.cpp(399,9): warning C4996: 'scanf': This function or variable may be unsafe. Consider using scanf_s instead. To disable deprecation, use _CRT_SECURE_NO_WARNINGS. See online help for details.
D:\资料\大二\2023-c-project\车辆租赁管理系统\车辆租赁管理系统\源.cpp(429,21): warning C4996: 'scanf': This function or variable may be unsafe. Consider using scanf_s instead. To disable deprecation, use _CRT_SECURE_NO_WARNINGS. See online help for details.
D:\资料\大二\2023-c-project\车辆租赁管理系统\车辆租赁管理系统\源.cpp(433,25): warning C4996: 'scanf': This function or variable may be unsafe. Consider using scanf_s instead. To disable deprecation, use _CRT_SECURE_NO_WARNINGS. See online help for details.
D:\资料\大二\2023-c-project\车辆租赁管理系统\车辆租赁管理系统\源.cpp(437,25): warning C4996: 'scanf': This function or variable may be unsafe. Consider using scanf_s instead. To disable deprecation, use _CRT_SECURE_NO_WARNINGS. See online help for details.
D:\资料\大二\2023-c-project\车辆租赁管理系统\车辆租赁管理系统\源.cpp(441,25): warning C4996: 'scanf': This function or variable may be unsafe. Consider using scanf_s instead. To disable deprecation, use _CRT_SECURE_NO_WARNINGS. See online help for details.
D:\资料\大二\2023-c-project\车辆租赁管理系统\车辆租赁管理系统\源.cpp(445,21): warning C4996: 'scanf': This function or variable may be unsafe. Consider using scanf_s instead. To disable deprecation, use _CRT_SECURE_NO_WARNINGS. See online help for details.
D:\资料\大二\2023-c-project\车辆租赁管理系统\车辆租赁管理系统\源.cpp(457,9): warning C4996: 'scanf': This function or variable may be unsafe. Consider using scanf_s instead. To disable deprecation, use _CRT_SECURE_NO_WARNINGS. See online help for details.
D:\资料\大二\2023-c-project\车辆租赁管理系统\车辆租赁管理系统\源.cpp(388,24): warning C4101: “cost”: 未引用的局部变量
D:\资料\大二\2023-c-project\车辆租赁管理系统\车辆租赁管理系统\源.cpp(473,5): warning C4996: 'scanf': This function or variable may be unsafe. Consider using scanf_s instead. To disable deprecation, use _CRT_SECURE_NO_WARNINGS. See online help for details.
D:\资料\大二\2023-c-project\车辆租赁管理系统\车辆租赁管理系统\源.cpp(489,9): warning C4996: 'getch': The POSIX name for this item is deprecated. Instead, use the ISO C and C++ conformant name: _getch. See online help for details.
D:\资料\大二\2023-c-project\车辆租赁管理系统\车辆租赁管理系统\源.cpp(494,5): warning C4996: 'getch': The POSIX name for this item is deprecated. Instead, use the ISO C and C++ conformant name: _getch. See online help for details.
D:\资料\大二\2023-c-project\车辆租赁管理系统\车辆租赁管理系统\源.cpp(507,9): warning C4996: 'getch': The POSIX name for this item is deprecated. Instead, use the ISO C and C++ conformant name: _getch. See online help for details.
D:\资料\大二\2023-c-project\车辆租赁管理系统\车辆租赁管理系统\源.cpp(513,5): warning C4996: 'scanf': This function or variable may be unsafe. Consider using scanf_s instead. To disable deprecation, use _CRT_SECURE_NO_WARNINGS. See online help for details.
D:\资料\大二\2023-c-project\车辆租赁管理系统\车辆租赁管理系统\源.cpp(517,13): warning C4996: 'scanf': This function or variable may be unsafe. Consider using scanf_s instead. To disable deprecation, use _CRT_SECURE_NO_WARNINGS. See online help for details.
D:\资料\大二\2023-c-project\车辆租赁管理系统\车辆租赁管理系统\源.cpp(524,5): warning C4996: 'scanf': This function or variable may be unsafe. Consider using scanf_s instead. To disable deprecation, use _CRT_SECURE_NO_WARNINGS. See online help for details.
D:\资料\大二\2023-c-project\车辆租赁管理系统\车辆租赁管理系统\源.cpp(527,9): warning C4996: 'scanf': This function or variable may be unsafe. Consider using scanf_s instead. To disable deprecation, use _CRT_SECURE_NO_WARNINGS. See online help for details.
D:\资料\大二\2023-c-project\车辆租赁管理系统\车辆租赁管理系统\源.cpp(534,13): warning C4996: 'getch': The POSIX name for this item is deprecated. Instead, use the ISO C and C++ conformant name: _getch. See online help for details.
D:\资料\大二\2023-c-project\车辆租赁管理系统\车辆租赁管理系统\源.cpp(543,5): warning C4996: 'scanf': This function or variable may be unsafe. Consider using scanf_s instead. To disable deprecation, use _CRT_SECURE_NO_WARNINGS. See online help for details.
D:\资料\大二\2023-c-project\车辆租赁管理系统\车辆租赁管理系统\源.cpp(545,5): warning C4996: 'scanf': This function or variable may be unsafe. Consider using scanf_s instead. To disable deprecation, use _CRT_SECURE_NO_WARNINGS. See online help for details.
D:\资料\大二\2023-c-project\车辆租赁管理系统\车辆租赁管理系统\源.cpp(547,5): warning C4996: 'scanf': This function or variable may be unsafe. Consider using scanf_s instead. To disable deprecation, use _CRT_SECURE_NO_WARNINGS. See online help for details.
D:\资料\大二\2023-c-project\车辆租赁管理系统\车辆租赁管理系统\源.cpp(550,5): warning C4996: 'getch': The POSIX name for this item is deprecated. Instead, use the ISO C and C++ conformant name: _getch. See online help for details.
D:\资料\大二\2023-c-project\车辆租赁管理系统\车辆租赁管理系统\源.cpp(566,5): warning C4996: 'getch': The POSIX name for this item is deprecated. Instead, use the ISO C and C++ conformant name: _getch. See online help for details.
D:\资料\大二\2023-c-project\车辆租赁管理系统\车辆租赁管理系统\源.cpp(585,5): warning C4996: 'getch': The POSIX name for this item is deprecated. Instead, use the ISO C and C++ conformant name: _getch. See online help for details.
  车辆租赁管理系统.vcxproj -> D:\资料\大二\2023-c-project\车辆租赁管理系统\x64\Debug\车辆租赁管理系统.exe
